0 info it worked if it ends with ok
1 verbose cli [ '/usr/bin/node', '/usr/bin/npm', 'run', 'server' ]
2 info using npm@6.4.1
3 info using node@v11.2.0
4 verbose run-script [ 'preserver', 'server', 'postserver' ]
5 info lifecycle project@1.0.0~preserver: project@1.0.0
6 info lifecycle project@1.0.0~server: project@1.0.0
7 verbose lifecycle project@1.0.0~server: unsafe-perm in lifecycle true
8 verbose lifecycle project@1.0.0~server: PATH: /usr/lib/node_modules/npm/node_modules/npm-lifecycle/node-gyp-bin:/root/MERN-Stack-Front-To-Back/node_modules/.bin:/usr/local/sbin:/usr/local/bin:/usr/sbin:/usr/bin:/root/bin
9 verbose lifecycle project@1.0.0~server: CWD: /root/MERN-Stack-Front-To-Back
10 silly lifecycle project@1.0.0~server: Args: [ '-c', 'nodemon server.js' ]
11 silly lifecycle project@1.0.0~server: Returned: code: 126  signal: null
12 info lifecycle project@1.0.0~server: Failed to exec server script
13 verbose stack Error: project@1.0.0 server: `nodemon server.js`
13 verbose stack Exit status 126
13 verbose stack     at EventEmitter.<anonymous> (/usr/lib/node_modules/npm/node_modules/npm-lifecycle/index.js:301:16)
13 verbose stack     at EventEmitter.emit (events.js:182:13)
13 verbose stack     at ChildProcess.<anonymous> (/usr/lib/node_modules/npm/node_modules/npm-lifecycle/lib/spawn.js:55:14)
13 verbose stack     at ChildProcess.emit (events.js:182:13)
13 verbose stack     at maybeClose (internal/child_process.js:978:16)
13 verbose stack     at Process.ChildProcess._handle.onexit (internal/child_process.js:265:5)
14 verbose pkgid project@1.0.0
15 verbose cwd /root/MERN-Stack-Front-To-Back
16 verbose Linux 3.10.0-514.2.2.el7.x86_64
17 verbose argv "/usr/bin/node" "/usr/bin/npm" "run" "server"
18 verbose node v11.2.0
19 verbose npm  v6.4.1
20 error code ELIFECYCLE
21 error errno 126
22 error project@1.0.0 server: `nodemon server.js`
22 error Exit status 126
23 error Failed at the project@1.0.0 server script.
23 error This is probably not a problem with npm. There is likely additional logging output above.
24 verbose exit [ 126, true ]
